\BOOKMARK [0][-]{chapter*.5}{\376\377\006\105\006\102\006\057\006\105\006\107}{}% 1
\BOOKMARK [0][-]{chapter.1}{\376\377\006\105\006\061\006\110\006\061\000\040\006\047\006\057\006\050\006\314\006\047\006\052}{}% 2
\BOOKMARK [1][-]{section.1.1}{\376\377\006\105\006\102\006\057\006\105\006\107}{chapter.1}% 3
\BOOKMARK [1][-]{section.1.2}{\376\377\006\052\006\047\006\061\006\314\006\056\006\206\006\107\000\040\006\176\006\314\006\064\000\040\006\050\006\314\006\106\006\314\000\040\006\102\006\314\006\105\006\052\000\040\006\057\006\047\006\061\006\047\006\314\006\314\040\014\006\107\006\047\006\314\000\040\006\105\006\047\006\104\006\314}{chapter.1}% 4
\BOOKMARK [1][-]{section.1.3}{\376\377\006\061\006\110\006\064\040\014\006\107\006\047\000\040\006\110\000\040\006\105\006\057\006\104\040\014\006\107\006\047\006\314\000\040\006\105\006\110\006\061\006\057\000\040\006\047\006\063\006\052\006\101\006\047\006\057\006\107\000\040\006\050\006\061\006\047\006\314\000\040\006\176\006\314\006\064\000\040\006\050\006\314\006\106\006\314}{chapter.1}% 5
\BOOKMARK [2][-]{subsection.1.3.1}{\376\377\006\105\006\057\006\104\040\014\006\107\006\047\006\314\000\040\000A\000R\000I\000M\000A}{section.1.3}% 6
\BOOKMARK [2][-]{subsection.1.3.2}{\376\377\006\106\006\102\006\057\006\107\006\047\000\040\006\110\000\040\006\105\006\055\006\057\006\110\006\057\006\314\006\052\040\014\006\107\006\047\006\314\000\040\006\105\006\057\006\104\000\040\000A\000R\000I\000M\000A}{section.1.3}% 7
\BOOKMARK [2][-]{subsection.1.3.3}{\376\377\006\176\006\314\006\064\006\061\006\101\006\052\040\014\006\107\006\047\000\040\006\110\000\040\006\257\006\063\006\052\006\061\006\064\040\014\006\107\006\047\006\314\000\040\006\105\006\057\006\104\000\040\000A\000R\000I\000M\000A}{section.1.3}% 8
\BOOKMARK [2][-]{subsection.1.3.4}{\376\377\006\057\006\314\006\106\006\047\006\105\006\314\006\251\000\040\006\050\006\047\006\062\006\047\006\061\000\040\006\047\006\061\006\062\006\107\006\047\006\314\000\040\006\057\006\314\006\054\006\314\006\052\006\047\006\104}{section.1.3}% 9
\BOOKMARK [2][-]{subsection.1.3.5}{\376\377\006\206\006\047\006\104\006\064\040\014\006\107\006\047\006\314\000\040\006\176\006\314\006\064\040\014\006\050\006\314\006\106\006\314\000\040\006\102\006\314\006\105\006\052}{section.1.3}% 10
\BOOKMARK [2][-]{subsection.1.3.6}{\376\377\006\052\006\054\006\062\006\314\006\107\000\040\006\063\006\061\006\314\000\040\006\062\006\105\006\047\006\106\006\314}{section.1.3}% 11
\BOOKMARK [1][-]{section.1.4}{\376\377\006\052\006\046\006\110\006\061\006\314\040\014\006\107\006\047\000\040\006\110\000\040\006\061\006\110\006\064\040\014\006\107\006\047\006\314\000\040\006\050\006\106\006\314\006\047\006\057\006\314}{chapter.1}% 12
\BOOKMARK [1][-]{section.1.5}{\376\377\006\061\006\110\006\064\040\014\006\107\006\047\006\314\000\040\006\101\006\061\006\251\006\047\006\106\006\063\000\040\006\057\006\047\006\057\006\107\000\040\006\057\006\061\000\040\006\050\006\047\006\062\006\047\006\061\006\107\006\047\006\314\000\040\006\105\006\047\006\104\006\314}{chapter.1}% 13
\BOOKMARK [2][-]{subsection.1.5.1}{\376\377\006\105\006\061\006\110\006\061\006\314\000\040\006\050\006\061\000\040\006\101\006\061\006\251\006\047\006\106\006\063\000\040\006\057\006\047\006\057\006\107\000\040\006\057\006\061\000\040\006\050\006\047\006\062\006\047\006\061\006\107\006\047\006\314\000\040\006\105\006\047\006\104\006\314}{section.1.5}% 14
\BOOKMARK [2][-]{subsection.1.5.2}{\376\377\006\251\006\047\006\061\006\050\006\061\006\057\006\107\006\047\006\314\000\040\006\057\006\047\006\057\006\107\040\014\006\107\006\047\006\314\000\040\006\050\006\047\000\040\006\101\006\061\006\251\006\047\006\106\006\063\000\040\006\050\006\047\006\104\006\047\000\040\006\057\006\061\000\040\006\176\006\314\006\064\040\014\006\050\006\314\006\106\006\314\000\040\006\047\006\061\006\062\006\107\006\047\006\314\000\040\006\057\006\314\006\054\006\314\006\052\006\047\006\104}{section.1.5}% 15
\BOOKMARK [2][-]{subsection.1.5.3}{\376\377\006\206\006\047\006\104\006\064\040\014\006\107\006\047\000\040\006\057\006\061\000\040\006\047\006\063\006\052\006\101\006\047\006\057\006\107\000\040\006\061\006\110\006\064\040\014\006\107\006\047\006\314\000\040\006\101\006\061\006\251\006\047\006\106\006\063\000\040\006\057\006\047\006\057\006\107}{section.1.5}% 16
\BOOKMARK [1][-]{section.1.6}{\376\377\006\064\006\050\006\251\006\107\040\014\006\107\006\047\006\314\000\040\006\071\006\065\006\050\006\314\000\040\006\057\006\061\000\040\006\176\006\314\006\064\040\014\006\050\006\314\006\106\006\314\000\040\006\102\006\314\006\105\006\052\000\040\006\047\006\061\006\062\006\107\006\047\006\314\000\040\006\057\006\314\006\054\006\314\006\052\006\047\006\104}{chapter.1}% 17
\BOOKMARK [2][-]{subsection.1.6.1}{\376\377\006\105\006\102\006\057\006\105\006\107\040\014\006\047\006\314\000\040\006\050\006\061\000\040\006\064\006\050\006\251\006\107\040\014\006\107\006\047\006\314\000\040\006\071\006\065\006\050\006\314}{section.1.6}% 18
\BOOKMARK [2][-]{subsection.1.6.2}{\376\377\006\047\006\106\006\110\006\047\006\071\000\040\006\064\006\050\006\251\006\107\040\014\006\107\006\047\006\314\000\040\006\071\006\065\006\050\006\314\000\040\006\057\006\061\000\040\006\176\006\314\006\064\040\014\006\050\006\314\006\106\006\314\000\040\006\047\006\061\006\062\006\107\006\047\006\314\000\040\006\057\006\314\006\054\006\314\006\052\006\047\006\104}{section.1.6}% 19
\BOOKMARK [2][-]{subsection.1.6.3}{\376\377\006\105\006\071\006\105\006\047\006\061\006\314\040\014\006\107\006\047\000\040\006\105\006\057\006\104\040\014\006\107\006\047\006\314\000\040\006\314\006\047\006\057\006\257\006\314\006\061\006\314\000\040\006\071\006\105\006\314\006\102}{section.1.6}% 20
\BOOKMARK [2][-]{subsection.1.6.4}{\376\377\006\206\006\047\006\104\006\064\040\014\006\107\006\047\000\040\006\057\006\061\000\040\006\047\006\063\006\052\006\101\006\047\006\057\006\107\000\040\006\047\006\062\000\040\006\064\006\050\006\251\006\107\040\014\006\107\006\047\006\314\000\040\006\071\006\065\006\050\006\314\000\040\006\057\006\061\000\040\006\176\006\314\006\064\040\014\006\050\006\314\006\106\006\314\000\040\006\047\006\061\006\062\006\107\006\047\006\314\000\040\006\057\006\314\006\054\006\314\006\052\006\047\006\104}{section.1.6}% 21
\BOOKMARK [1][-]{section.1.7}{\376\377\006\107\006\110\006\064\000\040\006\105\006\065\006\106\006\110\006\071\006\314\000\040\006\057\006\061\000\040\006\176\006\314\006\064\040\014\006\050\006\314\006\106\006\314\000\040\006\102\006\314\006\105\006\052\000\040\006\047\006\061\006\062\006\107\006\047\006\314\000\040\006\057\006\314\006\054\006\314\006\052\006\047\006\104}{chapter.1}% 22
\BOOKMARK [2][-]{subsection.1.7.1}{\376\377\006\052\006\251\006\106\006\314\006\251\040\014\006\107\006\047\006\314\000\040\006\107\006\110\006\064\000\040\006\105\006\065\006\106\006\110\006\071\006\314\000\040\006\057\006\061\000\040\006\176\006\314\006\064\040\014\006\050\006\314\006\106\006\314\000\040\006\047\006\061\006\062\006\107\006\047\006\314\000\040\006\057\006\314\006\054\006\314\006\052\006\047\006\104}{section.1.7}% 23
\BOOKMARK [2][-]{subsection.1.7.2}{\376\377\006\314\006\047\006\057\006\257\006\314\006\061\006\314\000\040\006\257\006\061\006\110\006\107\006\314}{section.1.7}% 24
\BOOKMARK [2][-]{subsection.1.7.3}{\376\377\006\052\006\055\006\104\006\314\006\104\000\040\006\057\006\047\006\105\006\106\006\107\000\040\006\050\006\063\006\047\006\105\006\057\000\040\006\057\006\061\000\040\006\176\006\314\006\064\040\014\006\050\006\314\006\106\006\314\000\040\006\061\006\105\006\062\000\040\006\047\006\061\006\062\040\014\006\107\006\047}{section.1.7}% 25
\BOOKMARK [2][-]{subsection.1.7.4}{\376\377\006\107\006\110\006\064\000\040\006\105\006\065\006\106\006\110\006\071\006\314\000\040\006\102\006\047\006\050\006\104\000\040\006\052\006\101\006\063\006\314\006\061\000\040}{section.1.7}% 26
\BOOKMARK [1][-]{section.1.8}{\376\377\006\064\006\251\006\047\006\101\040\014\006\107\006\047\006\314\000\040\006\176\006\230\006\110\006\107\006\064\006\314}{chapter.1}% 27
\BOOKMARK [1][-]{section.1.9}{\376\377\006\054\006\107\006\052\040\014\006\257\006\314\006\061\006\314\040\014\006\107\006\047\006\314\000\040\006\042\006\314\006\106\006\057\006\107}{chapter.1}% 28
\BOOKMARK [0][-]{chapter.2}{\376\377\006\061\006\110\006\064\000\040\006\064\006\106\006\047\006\063\006\314}{}% 29
\BOOKMARK [1][-]{section.2.1}{\376\377\006\067\006\061\006\047\006\055\006\314\000\040\006\052\006\055\006\102\006\314\006\102}{chapter.2}% 30
\BOOKMARK [2][-]{subsection.2.1.1}{\376\377\006\206\006\047\006\061\006\206\006\110\006\050\000\040\006\105\006\101\006\107\006\110\006\105\006\314}{section.2.1}% 31
\BOOKMARK [2][-]{subsection.2.1.2}{\376\377\006\106\006\110\006\071\000\040\006\176\006\230\006\110\006\107\006\064}{section.2.1}% 32
\BOOKMARK [2][-]{subsection.2.1.3}{\376\377\006\101\006\061\006\042\006\314\006\106\006\057\000\040\006\176\006\230\006\110\006\107\006\064}{section.2.1}% 33
\BOOKMARK [1][-]{section.2.2}{\376\377\006\054\006\105\006\071\040\014\006\042\006\110\006\061\006\314\000\040\006\057\006\047\006\057\006\107\040\014\006\107\006\047}{chapter.2}% 34
\BOOKMARK [2][-]{subsection.2.2.1}{\376\377\006\105\006\106\006\047\006\050\006\071\000\040\006\057\006\047\006\057\006\107}{section.2.2}% 35
\BOOKMARK [2][-]{subsection.2.2.2}{\376\377\006\106\006\110\006\071\000\040\006\057\006\047\006\057\006\107\040\014\006\107\006\047}{section.2.2}% 36
\BOOKMARK [2][-]{subsection.2.2.3}{\376\377\006\057\006\110\006\061\006\107\000\040\006\062\006\105\006\047\006\106\006\314}{section.2.2}% 37
\BOOKMARK [2][-]{subsection.2.2.4}{\376\377\006\047\006\050\006\062\006\047\006\061\006\107\006\047\006\314\000\040\006\054\006\105\006\071\040\014\006\042\006\110\006\061\006\314}{section.2.2}% 38
\BOOKMARK [2][-]{subsection.2.2.5}{\376\377\006\206\006\047\006\104\006\064\040\014\006\107\006\047\006\314\000\040\006\054\006\105\006\071\040\014\006\042\006\110\006\061\006\314\000\040\006\057\006\047\006\057\006\107}{section.2.2}% 39
\BOOKMARK [1][-]{section.2.3}{\376\377\006\176\006\314\006\064\040\014\006\176\006\061\006\057\006\047\006\062\006\064\000\040\006\057\006\047\006\057\006\107\040\014\006\107\006\047}{chapter.2}% 40
\BOOKMARK [2][-]{subsection.2.3.1}{\376\377\006\176\006\047\006\251\040\014\006\063\006\047\006\062\006\314\000\040\006\057\006\047\006\057\006\107\040\014\006\107\006\047}{section.2.3}% 41
\BOOKMARK [2][-]{subsection.2.3.2}{\376\377\006\106\006\061\006\105\006\047\006\104\040\014\006\063\006\047\006\062\006\314}{section.2.3}% 42
\BOOKMARK [2][-]{subsection.2.3.3}{\376\377\006\052\006\102\006\063\006\314\006\105\000\040\006\057\006\047\006\057\006\107\040\014\006\107\006\047}{section.2.3}% 43
\BOOKMARK [2][-]{subsection.2.3.4}{\376\377\006\047\006\050\006\062\006\047\006\061\006\107\006\047\006\314\000\040\006\176\006\314\006\064\040\014\006\176\006\061\006\057\006\047\006\062\006\064}{section.2.3}% 44
\BOOKMARK [1][-]{section.2.4}{\376\377\006\105\006\107\006\106\006\057\006\063\006\314\000\040\006\110\006\314\006\230\006\257\006\314\040\014\006\107\006\047}{chapter.2}% 45
\BOOKMARK [2][-]{subsection.2.4.1}{\376\377\006\110\006\314\006\230\006\257\006\314\040\014\006\107\006\047\006\314\000\040\006\047\006\110\006\104\006\314\006\107}{section.2.4}% 46
\BOOKMARK [1][-]{section.2.5}{\376\377\006\052\006\055\006\104\006\314\006\104\000\040\006\050\006\063\006\047\006\105\006\057\000\040\006\057\006\047\006\057\006\107\040\014\006\107\006\047}{chapter.2}% 47
\BOOKMARK [2][-]{subsection.2.5.1}{\376\377\006\052\006\050\006\057\006\314\006\104\000\040\006\101\006\110\006\061\006\314\006\107}{section.2.5}% 48
\BOOKMARK [2][-]{subsection.2.5.2}{\376\377\006\052\006\050\006\057\006\314\006\104\000\040\006\105\006\110\006\054\006\251}{section.2.5}% 49
\BOOKMARK [1][-]{section.2.6}{\376\377\006\067\006\061\006\047\006\055\006\314\000\040\006\064\006\050\006\251\006\107\040\014\006\107\006\047\006\314\000\040\006\071\006\065\006\050\006\314}{chapter.2}% 50
\BOOKMARK [2][-]{subsection.2.6.1}{\376\377\006\064\006\050\006\251\006\107\040\014\006\107\006\047\006\314\000\040\006\071\006\065\006\050\006\314\000\040\006\176\006\314\006\064\040\014\006\056\006\110\006\061\000\040\000\050\000F\000N\000N\000\051}{section.2.6}% 51
\BOOKMARK [2][-]{subsection.2.6.2}{\376\377\006\064\006\050\006\251\006\107\040\014\006\107\006\047\006\314\000\040\006\071\006\065\006\050\006\314\000\040\006\050\006\047\006\062\006\257\006\064\006\052\006\314\000\040\000\050\000R\000N\000N\000\051}{section.2.6}% 52
\BOOKMARK [2][-]{subsection.2.6.3}{\376\377\006\064\006\050\006\251\006\107\040\014\006\107\006\047\006\314\000\040\000L\000S\000T\000M}{section.2.6}% 53
\BOOKMARK [1][-]{section.2.7}{\376\377\006\052\006\251\006\106\006\314\006\251\040\014\006\107\006\047\006\314\000\040\006\107\006\110\006\064\000\040\006\105\006\065\006\106\006\110\006\071\006\314}{chapter.2}% 54
\BOOKMARK [2][-]{subsection.2.7.1}{\376\377\006\314\006\047\006\057\006\257\006\314\006\061\006\314\000\040\006\052\006\102\006\110\006\314\006\052\006\314}{section.2.7}% 55
\BOOKMARK [2][-]{subsection.2.7.2}{\376\377\006\047\006\104\006\257\006\110\006\061\006\314\006\052\006\105\040\014\006\107\006\047\006\314\000\040\006\230\006\106\006\052\006\314\006\251}{section.2.7}% 56
\BOOKMARK [1][-]{section.2.8}{\376\377\006\047\006\061\006\062\006\314\006\047\006\050\006\314\000\040\006\105\006\057\006\104}{chapter.2}% 57
\BOOKMARK [2][-]{subsection.2.8.1}{\376\377\006\105\006\071\006\314\006\047\006\061\006\107\006\047\006\314\000\040\006\071\006\105\006\104\006\251\006\061\006\057}{section.2.8}% 58
\BOOKMARK [2][-]{subsection.2.8.2}{\376\377\006\047\006\071\006\052\006\050\006\047\006\061\006\063\006\106\006\054\006\314\000\040\006\105\006\052\006\102\006\047\006\067\006\071}{section.2.8}% 59
\BOOKMARK [1][-]{section.2.9}{\376\377\006\105\006\104\006\047\006\055\006\070\006\047\006\052\000\040\006\047\006\056\006\104\006\047\006\102\006\314}{chapter.2}% 60
\BOOKMARK [1][-]{section.2.10}{\376\377\006\105\006\055\006\057\006\110\006\057\006\314\006\052\040\014\006\107\006\047\000\040\006\110\000\040\006\206\006\047\006\104\006\064\040\014\006\107\006\047}{chapter.2}% 61
\BOOKMARK [1][-]{section.2.11}{\376\377\006\106\006\052\006\314\006\054\006\107\040\014\006\257\006\314\006\061\006\314}{chapter.2}% 62
\BOOKMARK [0][-]{chapter.3}{\376\377\006\106\006\052\006\047\006\314\006\054}{}% 63
\BOOKMARK [1][-]{section.3.1}{\376\377\006\105\006\102\006\057\006\105\006\107}{chapter.3}% 64
\BOOKMARK [1][-]{section.3.2}{\376\377\006\042\006\105\006\047\006\057\006\107\040\014\006\063\006\047\006\062\006\314\000\040\006\057\006\047\006\057\006\107\040\014\006\107\006\047\000\040\006\110\000\040\006\052\006\055\006\104\006\314\006\104\000\040\006\047\006\110\006\104\006\314\006\107}{chapter.3}% 65
\BOOKMARK [2][-]{subsection.3.2.1}{\376\377\006\054\006\105\006\071\040\014\006\042\006\110\006\061\006\314\000\040\006\057\006\047\006\057\006\107\040\014\006\107\006\047}{section.3.2}% 66
\BOOKMARK [2][-]{subsection.3.2.2}{\376\377\006\176\006\314\006\064\040\014\006\176\006\061\006\057\006\047\006\062\006\064\000\040\006\057\006\047\006\057\006\107\040\014\006\107\006\047}{section.3.2}% 67
\BOOKMARK [2][-]{subsection.3.2.3}{\376\377\006\052\006\055\006\104\006\314\006\104\000\040\006\047\006\110\006\104\006\314\006\107\000\040\006\057\006\047\006\057\006\107\040\014\006\107\006\047}{section.3.2}% 68
\BOOKMARK [1][-]{section.3.3}{\376\377\006\106\006\052\006\047\006\314\006\054\000\040\006\052\006\055\006\104\006\314\006\104\000\040\006\050\006\063\006\047\006\105\006\057\000\040\006\057\006\047\006\057\006\107\040\014\006\107\006\047}{chapter.3}% 69
\BOOKMARK [2][-]{subsection.3.3.1}{\376\377\006\052\006\050\006\057\006\314\006\104\000\040\006\101\006\110\006\061\006\314\006\107\000\040\006\063\006\061\006\314\006\071\000\040\000\050\000F\000F\000T\000\051}{section.3.3}% 70
\BOOKMARK [2][-]{subsection.3.3.2}{\376\377\006\052\006\050\006\057\006\314\006\104\000\040\006\105\006\110\006\054\006\251}{section.3.3}% 71
\BOOKMARK [1][-]{section.3.4}{\376\377\006\071\006\105\006\104\006\251\006\061\006\057\000\040\006\105\006\057\006\104\040\014\006\107\006\047\006\314\000\040\006\064\006\050\006\251\006\107\000\040\006\071\006\065\006\050\006\314\000\040\000\050\000L\000S\000T\000M\000\051}{chapter.3}% 72
\BOOKMARK [2][-]{subsection.3.4.1}{\376\377\006\042\006\105\006\110\006\062\006\064\000\040\006\110\000\040\006\176\006\314\006\064\040\014\006\050\006\314\006\106\006\314\000\040\006\050\006\047\000\040\006\064\006\050\006\251\006\107\000\040\000L\000S\000T\000M}{section.3.4}% 73
\BOOKMARK [2][-]{subsection.3.4.2}{\376\377\006\105\006\071\006\314\006\047\006\061\006\107\006\047\006\314\000\040\006\071\006\105\006\104\006\251\006\061\006\057}{section.3.4}% 74
\BOOKMARK [2][-]{subsection.3.4.3}{\376\377\006\052\006\055\006\104\006\314\006\104\000\040\006\071\006\105\006\104\006\251\006\061\006\057\000\040\006\057\006\061\000\040\006\057\006\110\006\061\006\107\040\014\006\107\006\047\006\314\000\040\006\105\006\056\006\052\006\104\006\101}{section.3.4}% 75
\BOOKMARK [1][-]{section.3.5}{\376\377\006\047\006\061\006\062\006\314\006\047\006\050\006\314\000\040\006\251\006\104\006\314\000\040\006\105\006\057\006\104\000\040\006\110\000\040\006\105\006\102\006\047\006\314\006\063\006\107\000\040\006\050\006\047\000\040\006\061\006\110\006\064\040\014\006\107\006\047\006\314\000\040\006\105\006\061\006\054\006\071}{chapter.3}% 76
\BOOKMARK [2][-]{subsection.3.5.1}{\376\377\006\105\006\102\006\047\006\314\006\063\006\107\000\040\006\050\006\047\000\040\006\061\006\110\006\064\040\014\006\107\006\047\006\314\000\040\006\105\006\061\006\054\006\071}{section.3.5}% 77
\BOOKMARK [2][-]{subsection.3.5.2}{\376\377\006\052\006\055\006\104\006\314\006\104\000\040\006\042\006\105\006\047\006\061\006\314}{section.3.5}% 78
\BOOKMARK [1][-]{section.3.6}{\376\377\006\052\006\055\006\104\006\314\006\104\000\040\006\105\006\055\006\057\006\110\006\057\006\314\006\052\040\014\006\107\006\047\000\040\006\110\000\040\006\206\006\047\006\104\006\064\040\014\006\107\006\047}{chapter.3}% 79
\BOOKMARK [2][-]{subsection.3.6.1}{\376\377\006\106\006\110\006\314\006\062\000\040\006\057\006\061\000\040\006\057\006\047\006\057\006\107\040\014\006\107\006\047}{section.3.6}% 80
\BOOKMARK [2][-]{subsection.3.6.2}{\376\377\006\176\006\314\006\206\006\314\006\057\006\257\006\314\000\040\006\105\006\055\006\047\006\063\006\050\006\047\006\052\006\314}{section.3.6}% 81
\BOOKMARK [2][-]{subsection.3.6.3}{\376\377\006\052\006\072\006\314\006\314\006\061\006\047\006\052\000\040\006\106\006\047\006\257\006\107\006\047\006\106\006\314\000\040\006\050\006\047\006\062\006\047\006\061}{section.3.6}% 82
\BOOKMARK [1][-]{section.3.7}{\376\377\006\054\006\062\006\314\006\314\006\047\006\052\000\040\006\105\006\057\006\104\040\014\006\107\006\047}{chapter.3}% 83
\BOOKMARK [2][-]{subsection.3.7.1}{\376\377\006\105\006\057\006\104\000\040\000L\000S\000T\000M}{section.3.7}% 84
\BOOKMARK [1][-]{section.3.8}{\376\377\006\176\006\314\006\064\006\314\006\106\006\107\000\040\006\106\006\070\006\061\006\314}{chapter.3}% 85
\BOOKMARK [1][-]{section.3.9}{\376\377\006\106\006\052\006\047\006\314\006\054\000\040\006\176\006\314\006\064\040\014\006\050\006\314\006\106\006\314\000\040\006\105\006\057\006\104\040\014\006\107\006\047}{chapter.3}% 86
\BOOKMARK [2][-]{subsection.3.9.1}{\376\377\006\106\006\105\006\110\006\057\006\047\006\061\006\107\006\047\006\314\000\040\006\176\006\314\006\064\040\014\006\050\006\314\006\106\006\314\000\040\006\052\006\251\040\014\006\105\006\057\006\104\006\314}{section.3.9}% 87
\BOOKMARK [2][-]{subsection.3.9.2}{\376\377\006\106\006\105\006\110\006\057\006\047\006\061\000\040\006\105\006\102\006\047\006\314\006\063\006\107\040\014\006\047\006\314\000\040\006\251\006\104\000\040\006\105\006\057\006\104\040\014\006\107\006\047}{section.3.9}% 88
\BOOKMARK [2][-]{subsection.3.9.3}{\376\377\006\054\006\057\006\047\006\110\006\104\000\040\006\071\006\105\006\104\006\251\006\061\006\057\000\040\006\105\006\057\006\104\040\014\006\107\006\047}{section.3.9}% 89
\BOOKMARK [2][-]{subsection.3.9.4}{\376\377\006\052\006\055\006\104\006\314\006\104\000\040\006\056\006\067\006\047\006\314\000\040\006\050\006\047\006\102\006\314\040\014\006\105\006\047\006\106\006\057\006\107}{section.3.9}% 90
\BOOKMARK [2][-]{subsection.3.9.5}{\376\377\006\105\006\102\006\047\006\314\006\063\006\107\000\040\006\105\006\071\006\314\006\047\006\061\006\107\006\047\006\314\000\040\006\071\006\105\006\104\006\251\006\061\006\057}{section.3.9}% 91
\BOOKMARK [2][-]{subsection.3.9.6}{\376\377\006\052\006\055\006\104\006\314\006\104\000\040\006\106\006\052\006\047\006\314\006\054}{section.3.9}% 92
\BOOKMARK [1][-]{section.3.10}{\376\377\006\047\006\066\006\047\006\101\006\107\000\040\006\251\006\061\006\057\006\106\000\040\006\057\006\047\006\057\006\107\040\014\006\107\006\047\006\314\000\040\006\050\006\104\006\047\006\251\000\040\006\206\006\314\006\106\000\040\006\110\000\040\006\047\006\102\006\052\006\065\006\047\006\057\000\040\006\050\006\107\000\040\006\105\006\057\006\104}{chapter.3}% 93
\BOOKMARK [1][-]{section.3.11}{\376\377\006\106\006\052\006\314\006\054\006\107\040\014\006\257\006\314\006\061\006\314\000\040\006\110\000\040\006\050\006\055\006\053}{chapter.3}% 94
